Jan 04 18:17:12 INFO The programme is started.
Jan 04 18:17:12 INFO Getting information about external IP address...
Jan 04 18:17:13 INFO Checking the existence of server in the list...
Jan 04 18:17:13 INFO Host already in the list
Jan 04 18:17:13 INFO Getting information about host ...
Jan 04 18:17:13 INFO Getting information about average loading ...
Jan 04 18:17:13 INFO Getting memory information ...
Jan 04 18:17:13 INFO Getting information about network configuration ...
Jan 04 18:17:13 INFO Getting disks information ...
Jan 04 18:17:13 INFO Getting information about CPU ...
Jan 04 18:17:13 INFO Dumping data into the server {'address': 'localhost', 'port': 8000}
Jan 04 18:17:13 INFO Successful!!!
Jan 04 18:18:13 INFO Getting information about host ...
Jan 04 18:18:13 INFO Getting information about average loading ...
Jan 04 18:18:13 INFO Getting memory information ...
Jan 04 18:18:13 INFO Getting information about network configuration ...
Jan 04 18:18:13 INFO Getting disks information ...
Jan 04 18:18:13 INFO Getting information about CPU ...
Jan 04 18:18:13 INFO Dumping data into the server {'address': 'localhost', 'port': 8000}
Jan 04 18:18:13 INFO Successful!!!
